capacitor/plugins-library/android/build/outputs/logs/manifest-merger-debug-report.txt
-- Merging decision tree log ---
manifest
ADDED from src/main/AndroidManifest.xml:2:3-10:12
INJECTED from src/main/AndroidManifest.xml:2:3-10:12
INJECTED from src/main/AndroidManifest.xml:2:3-10:12
INJECTED from src/main/AndroidManifest.xml:2:3-10:12
INJECTED from src/main/AndroidManifest.xml:2:3-10:12
INJECTED from src/main/AndroidManifest.xml:2:3-10:12
INJECTED from src/main/AndroidManifest.xml:2:3-10:12
	package
		ADDED from src/main/AndroidManifest.xml:3:7-43
		INJECTED from src/main/AndroidManifest.xml
		INJECTED from src/main/AndroidManifest.xml
	android:versionName
		INJECTED from src/main/AndroidManifest.xml
		ADDED from src/main/AndroidManifest.xml:2:3-10:12
		INJECTED from src/main/AndroidManifest.xml
	android:versionCode
		INJECTED from src/main/AndroidManifest.xml
		ADDED from src/main/AndroidManifest.xml:2:3-10:12
		INJECTED from src/main/AndroidManifest.xml
	xmlns:android
		ADDED from src/main/AndroidManifest.xml:2:13-71
uses-permission#android.permission.INTERNET
ADDED from src/main/AndroidManifest.xml:4:5-68
	android:name
		ADDED from src/main/AndroidManifest.xml:4:22-66
application
ADDED from src/main/AndroidManifest.xml:5:5-9:19
activity#com.jeep.plugins.capacitor.VideoPlayerActivity
ADDED from src/main/AndroidManifest.xml:6:7-8:18
	android:configChanges
		ADDED from src/main/AndroidManifest.xml:7:11-99
	android:name
		ADDED from src/main/AndroidManifest.xml:6:17-78
uses-sdk
INJECTED from src/main/AndroidManifest.xml reason: use-sdk injection requested
INJECTED from src/main/AndroidManifest.xml
INJECTED from src/main/AndroidManifest.xml
INJECTED from src/main/AndroidManifest.xml
INJECTED from src/main/AndroidManifest.xml
	android:targetSdkVersion
		INJECTED from src/main/AndroidManifest.xml
		ADDED from src/main/AndroidManifest.xml
		INJECTED from src/main/AndroidManifest.xml
	android:minSdkVersion
		INJECTED from src/main/AndroidManifest.xml
		ADDED from src/main/AndroidManifest.xml
		INJECTED from src/main/AndroidManifest.xml